<?xml version="1.0" encoding="UTF-8"?>
<!-- Generated by org.testng.reporters.JUnitXMLReporter -->
<testsuite hostname="QSP-admin-PC" ignored="0" name="Default test(failed)" tests="1" failures="1" timestamp="30 Nov 2017 04:25:08 GMT" time="13.131" errors="0">
  <testcase name="testInvalidLogin" time="1.062" classname="com.actitime.tests.InvalidLogin">
    <failure type="java.lang.AssertionError" message="null">
      <![CDATA[java.lang.AssertionError: null
	at com.actitime.tests.InvalidLogin.testInvalidLogin(InvalidLogin.java:26)
... Removed 27 stack frames]]>
    </failure>
  </testcase> <!-- testInvalidLogin -->
</testsuite> <!-- Default test(failed) -->
