<?xml version="1.0" encoding="UTF-8"?>
<!-- Generated by org.testng.reporters.JUnitXMLReporter -->
<testsuite hostname="QSP-admin-PC" ignored="0" name="ChromeTest" tests="3" failures="0" timestamp="04 Dec 2017 03:10:17 GMT" time="45.604" errors="0">
  <testcase name="testInvalidLogin" time="4.191" classname="com.actitime.tests.InvalidLogin"/>
  <testcase name="testValidLoginLogout" time="7.413" classname="com.actitime.tests.ValidLoginLogoutTest"/>
  <testcase name="testVerifyVersion" time="0.252" classname="com.actitime.tests.VerifyVersionTest"/>
</testsuite> <!-- ChromeTest -->
