<?xml version="1.0" encoding="UTF-8"?>
<!-- Generated by org.testng.reporters.JUnitXMLReporter -->
<testsuite hostname="DESKTOP-93FHHHT" ignored="0" name="Test" tests="3" failures="0" timestamp="07 Dec 2017 14:08:22 GMT" time="65.603" errors="0">
  <testcase name="testVerifyVersion" time="1.032" classname="com.actitime.tests.VerifyVersionTest"/>
  <testcase name="testInvalidLogin" time="4.239" classname="com.actitime.tests.InvalidLogin"/>
  <testcase name="testValidLoginLogout" time="11.237" classname="com.actitime.tests.ValidLoginLogoutTest"/>
</testsuite> <!-- Test -->
