<?xml version="1.0" encoding="UTF-8"?>
<!-- Generated by org.testng.reporters.JUnitXMLReporter -->
<testsuite hostname="QSP-admin-PC" ignored="0" name="Test(failed)" tests="1" failures="1" timestamp="01 Dec 2017 02:56:28 GMT" time="15.113" errors="0">
  <testcase name="testInvalidLogin" time="1.041" classname="com.actitime.tests.InvalidLogin">
    <failure type="java.lang.AssertionError" message="null">
      <![CDATA[java.lang.AssertionError: null
	at com.actitime.tests.InvalidLogin.testInvalidLogin(InvalidLogin.java:25)
... Removed 27 stack frames]]>
    </failure>
  </testcase> <!-- testInvalidLogin -->
</testsuite> <!-- Test(failed) -->
